<?xml version="1.0" encoding="UTF-8" ?>
<testsuite errors="0" failures="0" hostname="DESKTOP-L1IC0IM" name="prx.utils.HttpUtilsTest" skipped="0" tests="1" time="2.442" timestamp="2020-06-19T18:25:57">
  <properties>
[...]
</properties>
  <testcase classname="prx.utils.HttpUtilsTest" name="testGetContent" time="2.282" />
  <system-out><![CDATA[<!DOCTYPE html><html><head><title>M?i phát hành</title><base href="https://pibook.vn/"><meta http-equiv="Content-Type" content="text/html; charset=utf-8" /><meta name="viewport" content="width=device-width, initial-scale=1, maximum-scale=1" /><meta name="title" content="" /><meta name="keywords" content="mua sách online, mua sách online giá r?" /><meta name="description" content="Mua sách online t?i Nhà sách tr?c tuy?n Pibook.vn, T?ng Bookcare Cao c?p, ?óng gói c?n th?n, Freeship Giao hàng nhanh" /><link rel="canonical" href="https://pibook.vn/moi-phat-hanh" /><meta name="p:domain_verify" content="26741292f023067b1d3603598023adda"/><meta name="google-site-verification" content="qBwd2HxsTPTkOOQWSAgmr0Ta0JPscfz0gzgGcv  kOARU" /><meta name="Generator" content="Power by Wecan-Group.Com" /><meta property="og:title" content=""><meta property="og:description" content="Mua sách online t?i Nhà sách tr?c tuy?n Pibook.vn, T?ng Bookcare Cao c?p, ?óng gói c?n th?n, Freeship Giao hàng nhanh"><meta property="og:url" content="https://pibook.vn/moi-phat-hanh"><meta property="og:image" content="https://pibook.vn/images/6D1228CD.png" /><link rel="stylesheet" href="https://cdnjs.cloudflare.com/ajax/libs/font-awesome/4.7.0/css/font-awesome.min.css"><link rel="shortcut icon" type="image/x-icon" href="https://pibook.vn/images/favicon.png" /><!--<script type="text/javascript" src="jquery/vn_location_data.json"></script>--><link href="images/style.css" rel="stylesheet" type="text/css" /><script src="js/jquery-1.9.1.min.js"></script><link rel="stylesheet" type="text/css" href="freeow/style/freeow/freeow.css" /><script type="text/javascript" src="freeow/jquery.freeow.js"></script><script type="text/javascript" src="js/jquery.addcart.js"></script><script>  (function(i,s,o,g,r,a,m){i['GoogleAnalyticsObject']=r;i[r]=i[r]||function(){  (i[r].q=i[r].q||[]).push(arguments)},i[r].l=1*new Date();a=s.createElement(o),  m=s.getElementsByTagName(o)[0];a.async=1;a.src=g;m.parentNode.insertBefore(a,m)  })(window,document,'script','//www.google-analytics.com/analytics.js','ga');ga('create', 'UA-71939160-1', 'auto');ga('require', 'linkid', 'linkid.js');ga('require', 'displayfeatures');ga('send', 'pageview');</script><meta name="p:domain_verify" content="26741292f023067b1d3603598023adda"/></head><body>    <div class="wrap1">    <div class="head">         <div class="hea1 clearfix">	<div class="hea1c1">		<a href="index.php" title="Mua Sách Online | Nhà Sách Tr?c Tuy?n Pibook.vn | ?u ?ãi Gi?m Giá 15-30% Sách M?i C?p Nh?t M?i Ngày"><img src="images/logo.jpg" alt="Mua Sách Online | Nhà Sách Tr?c Tuy?n Pibook.vn | ?u ?ãi Gi?m Giá 15-30% Sách M?i C?p Nh?t M?i Ngày" /></a>	</div>	<div class="hea1c2 pos1">		<div class="i1">			<div class="i1a">			<a href="van-chuyen-mien-phi" alt="V?n chuy?n mi?n phí" title="V?n chuy?n mi?n phí" style="color:#000">				V?n chuy?n mi?n phí				<p>T?n n?i - Toàn qu?c</p>			</a>			</div>			<div class="i1a i1b">			   <a href="doi-tra-hang" alt="??i - tr? hàng" title="??i - tr? hàng" style="color:#000"> ??i - tr? hàng				<p>Trong vòng 15 ngày</p>			</a>			</div>			<div class="i1a i1c">			<a href="thanh-toan" alt="Thanh Toán" title="Thanh Toán" style="color:#000">				Thanh toán				<p>An toàn, ti?n l?i</p>			</a>			</div>		</div>	</div>	<div class="hea1c3 he30 pos1">		<div class="dt1">			<ul class="menutopa clearfix">				<li><a href="" title="Trang ch?">Trang ch?</a></li>								<li><a href="blog-sach-hay" title="Blog Sách Hay">Blog Sách Hay</a></li>								<li><a href="gioi-thieu-c103.html" title="Gi?i thi?u">Gi?i thi?u</a></li>								<li><a href="lien-he-c104.html" title="Liên h?">Liên h?</a></li>			</ul>		</div>		<div class="hotline">			HOTLINE			<p>024 6329 6389</p>		</div>	</div></div>         <script type="text/javascript">$(document).ready(function() { $( "#menutop2" ).hover(  function() {    $( ".menutop2ul" ).css( {       "display": "block",          } );  },	function() {     $( ".menutop2ul" ).css( {      "display": "none"      } );  });});</script><style>li.menuitem:hover > div.sub_menu { display:block }</style> <div class="hea12 clearfix"> <div class="wrap1"><div class="hea1c1 menutop20 pos1" id="menutop2">	<a href="" class="clearfix"><img src="images/s2.jpg" />T?T C? DANH M?C</a><ul class="menutop2ul" style="display:none;z-index:99999">	<li class="menuitem">	        <a href="mua-sach-online" class="title-categoryname" title="Mua Sách Online">Mua Sách Online</a> <div class="sub_menu">				<div style="float:left;margin-right:30px;">		<a href="" class="menu-title menu-subcate">X?p h?ng</a>		<ul class="s_navi">			<li class="s_navi">				<a href="https://pibook.vn/moi-phat-hanh" class="menu-subcate">Sách m?i</a></h3>						<li class="s_navi">				<a href="http://pibook.vn/sap-phat-hanh" class="menu-subcate">Sách s?p phát hành</a></h3>						<li class="s_navi">				<a href="https://pibook.vn/top-sach-ban-chay" class="menu-subcate">Sách bán ch?y</a></h3>						<li class="s_navi">				<a href="https://pibook.vn/top-sach-giam-gia" class="menu-subcate">Sách gi?m giá</a></h3>						<li class="s_navi">				<a href="sach-pibook-khuyen-doc" class="menu-subcate">Sách hay Pibook khuyên ??c</a></h3>		</ul>		</div>				<div style="float:left;margin-right:30px;">		<a href="" class="menu-title menu-subcate">Danh m?c</a>		<ul class="s_navi">			<li class="s_navi">				<a href="sach-van-hoc" class="menu-subcate">Sách v?n h?c</a></h3>						<li class="s_navi">				<a href="sach-kinh-te" class="menu-subcate">Sách kinh t?</a></h3>						<li class="s_navi">				<a href="truyen-tranh-manga" class="menu-subcate">Truy?n tranh - Manga</a></h3>						<li class="s_navi">				<a href="sach-ngoai-ngu-tu-dien" class="menu-subcate">Sách ngo?i ng?</a></h3>						<li class="s_navi">				<a href="sach-on-thi-thpt-quoc-gia-dai-hoc" class="menu-subcate">Sách luy?n thi ?H</a></h3>						<li class="s_navi">				<a href="sach-ky-nang-song-dep" class="menu-subcate">Sách k? n?ng - S?ng ??p</a></h3>		</ul>		</div>				<div style="float:left;margin-right:30px;">		<a href="" class="menu-title menu-subcate">Cty Phát hành</a>		<ul class="s_navi">			<li class="s_navi">				<a href="http://pibook.vn/nha-phat-hanh/nha-nam-n23.html" class="menu-subcate">Nhã Nam</a></h3>						<li class="s_navi">				<a href="http://pibook.vn/nha-phat-hanh/nxb-tre-n40.html" class="menu-subcate">NXB Tr?</a></h3>						<li class="s_navi">				<a href="http://pibook.vn/nha-phat-hanh/alphabooks-n3.html" class="menu-subcate">Alphabooks</a></h3>						<li class="s_navi">				<a href="" class="menu-subcate">Kim ??ng</a></h3>						<li class="s_navi">				<a href="" class="menu-subcate">V?n vi?t</a></h3>						<li class="s_navi">				<a href="" class="menu-subcate">?inh T? - Amun</a></h3>						<li class="s_navi">				<a href="" class="menu-subcate">Qu?ng v?n</a></h3>						<li class="s_navi">				<a href="" class="menu-subcate">Bách Vi?t</a></h3>						<li class="s_navi">				<a href="" class="menu-subcate">TVM Comic</a></h3>		</ul>		</div>					</div></li>	<li class="menuitem">	        <a href="sach-van-hoc" class="title-categoryname" title="Sách V?n H?c">Sách V?n H?c</a> </li>	<li class="menuitem">	        <a href="truyen-tranh-manga" class="title-categoryname" title="Truy?n tranh - Manga">Truy?n tranh - Manga</a> </li>	<li class="menuitem">	        <a href="sach-kinh-te" class="title-categoryname" title="Sách Kinh T?">Sách Kinh T?</a> </li>	<li class="menuitem">	        <a href="sach-on-thi-thpt-quoc-gia-dai-hoc" class="title-categoryname" title="Sách Ôn Thi ??i H?c">Sách Ôn Thi ??i H?c</a> </li>	<li class="menuitem">	        <a href="van-phong-pham" class="title-categoryname" title="V?n Pho?ng Phâ?m">V?n Pho?ng Phâ?m</a> </li>	<li class="menuitem">	        <a href="qua-tang" class="title-categoryname" title="Quà T?ng">Quà T?ng</a> </li>	</ul></div><form action="tim-kiem-s.html" method="GET" class="hea1c2 form1 pos1">	<input type="text" class="in1" name="keyword" value="" id="viewbtn" autocomplete="off" />	<input type="submit" class="in2" name="submit" value="" /><div id="mp-autocomplete-results" class="searchwrap search-autocomplete" style="display:none;">	<div class="autocomplete-item"><a href="" class="search-for autocomplete-activeItem">Tìm ki?m v?i <span class="keyshow" sasdata="">""</span></a></div>	<div class="search-item listsuggestRes" style="display:none;">		<ul class="listsuggest"></ul>	</div></div><script type="text/javascript">var domain9="";function serachKeyChange(){	var b111= $('#viewbtn').val();	if(b111.length >= 3){		$(".searchwrap").css("display","block");      			 		var te12=$(".keyshow").attr("sasdata");		te12.replace('"',"");b111.replace('"',"");		if(te12 != b111){			$('#viewbtn').keyup(); 		}		console.log(te12 +'|'+ b111);	}}$('#viewbtn').click(function() {	serachKeyChange();});$('#viewbtn').change(function() {	serachKeyChange();});//------------other$('body').click(function(e){	if(! $(e.target).hasClass('viewbtn')){		$(".searchwrap").css("display","none");	}});$('#viewbtn').keyup(function(){	var keyword = $('#viewbtn').val();	if(keyword.length >= 3){		$(".imgload3").css("display","block");		$(".searchwrap").css("display","block");		$(".keyshow").html('"' + keyword +'"').attr("sasdata",keyword);			$(".keyshow").parent().attr("href","tim-kiem-s.html?keyword="+ keyword );					if(request){			request.abort();		}			   var request =$.ajax({			url: "searchaj.php",			type: 'POST',			cache: false,			dataType: 'json',			data: 'keyword=' + keyword,			success: function(getData){				//---tim kiem--------				var c12="";var count1=0;								if(getData.phimle){ count1=getData.phimle.count;var data11=getData.phimle.data; }				if(count1>0){					$(".listsuggestRes").css("display","block");					for(i=1;i<=count1;i++){						var u1="";var u2="";var u3="";var u4="";						if(i==1){							u1=data11.a1.etitle;u2=data11.a1.title;u3=data11.a1.img;u4=data11.a1.link;						}						if(i==2){							u1=data11.a2.etitle;u2=data11.a2.title;u3=data11.a2.img;u4=data11.a2.link;						}						if(i==3){							u1=data11.a3.etitle;u2=data11.a3.title;u3=data11.a3.img;u4=data11.a3.link;						}                        if(i==4){                            u1=data11.a4.etitle;u2=data11.a4.title;u3=data11.a4.img;u4=data11.a4.link;                        }                        if(i==5){                            u1=data11.a5.etitle;u2=data11.a5.title;u3=data11.a5.img;u4=data11.a5.link;                        }												u1="";						c12 += '<li><a href="' + u4 + '">' + u2 + '</a></li>';										}					$(".listsuggest").html(c12);									}else{					$(".listsuggestRes").css("display","none");				}							},			error: function (){}		});		//-------------tra lai ten cho em		$(".imgload3").css("display","none");	}});</script></form><div class="hea1c3 clearfix">		<div class="dk1">		<a href="dang-nhap" rel="noindex, nofollow">??ng nh?p</a>	</div>	<div class="dk1 dk2">		<a href="dang-ky" rel="noindex, nofollow">??ng ký</a>	</div>		<div class="dk1 dk3">	<div style=" position: absolute;width:15px;height:15px;background:#ff3500;color:#fff;float:right;border-radius:3px;margin-left:25px">		<div id="countid">0</div>	</div>		<a href="gio-hang" rel="noindex, nofollow">Gi? hàng</a>	</div></div></div></div>    </div>        <div class="cont clearfix">        <div class="tip1">            <a href="index.php">Trang ch?</a><span>/</span> M?i phát hành        </div>        <div class="col1">	<div class="dm1">		<div class="dm1t">DANH M?C S?N PH?M</div>		<ul>			<li><a href="sach-truyen-p626.html" title="Sách Truy?n">Sách Truy?n</a></li> 		</ul>	</div>	<div class="dm1 magt20">		<div class="dm1t">NHÀ PHÁT HÀNH</div>		<ul>			<li><a href="nha-phat-hanh/kim-dong-n4.html">Kim ??ng</a></li><li><a href="nha-phat-hanh/nha-nam-n23.html">Nhã Nam</a></li><li><a href="nha-phat-hanh/alphabooks-n3.html">Alphabooks</a></li><li><a href="nha-phat-hanh/nxb-tre-n40.html">NXB Tr?</a></li><li><a href="nha-phat-hanh/thai-ha-n65.html">Thái Hà</a></li><li><a href="nha-phat-hanh/hoa-hoc-tro-n39.html">Hoa H?c Trò</a></li><li><a href="nha-phat-hanh/quang-van-n33.html">Qu?ng V?n</a></li><li><a href="nha-phat-hanh/first-news-tri-viet-n34.html">First News - Trí Vi?t</a></li><li><a href="nha-phat-hanh/skybooks-n25.html">Skybooks</a></li><li><a href="nha-phat-hanh/tvm-comics-n7.html">TVM Comics</a></li>		</ul>	</div>	<div class="dm1 magt20">		<div class="dm1t">TÁC GI?</div>		<ul>			<li><a href="tac-gia/nguyen-nhat-anh-t16.html">Nguy?n Nh?t Ánh</a></li><li><a href="tac-gia/trang-ha-t225.html">Trang H?</a></li><li><a href="tac-gia/tony-buoi-sang-t2026.html">Tony Bu?i Sáng</a></li><li><a href="tac-gia/agatha-christie-t563.html">Agatha Christie</a></li><li><a href="tac-gia/marc-levy-t89.html">Marc Levy</a></li><li><a href="tac-gia/j-.-k-.-rowling-t836.html">J. K. Rowling</a></li><li><a href="tac-gia/minh-nhat-t223.html">Minh Nh?t</a></li><li><a href="tac-gia/linh-trang-t217.html">Linh Trang</a></li><li><a href="tac-gia/huyen-trang-bat-hoi-t3281.html">Huy?n Trang B?t H?i</a></li><li><a href="tac-gia/cuu-lo-phi-huong-t2152.html">C?u L? Phi H??ng</a></li>		</ul>	</div>	<div class="dm1 magt20" style="display: block">		<div class="dm1t">?? TU?I</div>		<ul>			<!--<form action="" method="get">-->			<!--<li><input type="hidden" value="1">T? 0-2 tu?i</li>-->			<!--<li><input type="hidden" value="2">T? 3-5 tu?i</li>-->			<!--</form>-->			<li><a href="do-tuoi/tu-0-2-tuoi-q1.html">T? 0-2 tu?i</a></li>			<li><a href="do-tuoi/tu-3-5-tuoi-q2.html">T? 3-5 tu?i</a></li>			<li><a href="do-tuoi/tu-6-9-tuoi-q3.html">T? 6-9 tu?i</a></li>			<li><a href="do-tuoi/tu-10-15-tuoi-q4.html">T? 10-15 tu?i</a></li>			<li><a href="do-tuoi/tu-16-tuoi-tro-len-q5.html">T? 16 tu?i tr? lên</a></li>		</ul>	</div>	<div class="dm1 magt20" style="display: block">		<div class="dm1t">GIÁ BÁN</div>		<ul>			<li><a href="gia-ban/duoi-50000-j1.html"><50,000?</a></li>			<li><a href="gia-ban/tu-50000-70000-j2.html">T? 50,000? - 70,000?</a></li>			<li><a href="gia-ban/tu-70000-100000-j3.html">T? 70,000? - 100,000?</a></li>			<li><a href="gia-ban/tu-100000-150000-j4.html">T? 100,000? - 150,000?</a></li>			<li><a href="gia-ban/tren-150000-j5.html">>150,000?</a></li>		</ul>	</div>	<div class="n2">		<div class="dm1t">TOP BÁN CH?Y</div>		<ul class="pilist3">			<li class="clearfix">				<a href="binh-tinh-khi-e-manh-me-khi-yeu" title="Bình T?nh Khi ?, M?nh M? Khi Yêu" class="img4a pos1"><img class="img4" src="uploads/products/91752_11_12_18_binh-tinh-khi-e-manh-me-khi-yeu.jpg" alt="Bình T?nh Khi ?, M?nh M? Khi Yêu" /><span class="img4sp">1</span></a>				<div class="w109">					<a href="binh-tinh-khi-e-manh-me-khi-yeu" title="Bình T?nh Khi ?, M?nh M? Khi Yêu" class="pilist3a">Bình T?nh Khi ?, M?nh M? Khi Yêu</a>																				<div style="margin-top:10px;width:29px;height:16px;background:url(images/giam-gia-icon.jpg);color:#fff;padding-left:10px;padding-top:2px;"><b>-20%</b></div>										<div class="aprice3">69,000 ?</div>				</div>			</li>						<li class="clearfix">				<a href="tram-dung-vo-dinh" title="Tr?m D?ng Vô ??nh (Manga - Tr?n b? 5 T?p)" class="img4a pos1"><img class="img4" src="uploads/products/95891_07_12_18_tram-dung-vo-dinh-manga.jpg" alt="Tr?m D?ng Vô ??nh (Manga - Tr?n b? 5 T?p)" /><span class="img4sp">2</span></a>				<div class="w109">					<a href="tram-dung-vo-dinh" title="Tr?m D?ng Vô ??nh (Manga - Tr?n b? 5 T?p)" class="pilist3a">Tr?m D?ng Vô ??nh (Manga - Tr?n b? 5 T?p)</a>																				<div style="margin-top:10px;width:29px;height:16px;background:url(images/giam-gia-icon.jpg);color:#fff;padding-left:10px;padding-top:2px;"><b>-15%</b></div>										<div class="aprice3">149,000 ?</div>				</div>			</li>						<li class="clearfix">				<a href="long-tot-cua-ban-can-them-doi-phan-sac-sao" title="Lòng T?t C?a B?n C?n Thêm ?ôi Ph?n S?c S?o" class="img4a pos1"><img class="img4" src="uploads/products/3256_06_12_18_long-tot-cua-ban-can-them-doi-phan-sac-sao.jpg" alt="Lòng T?t C?a B?n C?n Thêm ?ôi Ph?n S?c S?o" /><span class="img4sp">3</span></a>				<div class="w109">					<a href="long-tot-cua-ban-can-them-doi-phan-sac-sao" title="Lòng T?t C?a B?n C?n Thêm ?ôi Ph?n S?c S?o" class="pilist3a">Lòng T?t C?a B?n C?n Thêm ?ôi Ph?n S?c S?o</a>																				<div style="margin-top:10px;width:29px;height:16px;background:url(images/giam-gia-icon.jpg);color:#fff;padding-left:10px;padding-top:2px;"><b>-20%</b></div>										<div class="aprice3">86,000 ?</div>				</div>			</li>						<li class="clearfix">				<a href="thay-co-giao-hanh-phuc-se-thay-doi-gioi-tap-1" title="Th?y Cô Giáo H?nh Phúc S? Thay ??i Th? Gi?i - T?p 1 : C?m Nang H?nh Phúc" class="img4a pos1"><img class="img4" src="uploads/products/16502_14_11_18_thay-co-giao-hanh-phuc-se-thay-doi-gioi-tap-1.jpg" alt="Th?y Cô Giáo H?nh Phúc S? Thay ??i Th? Gi?i - T?p 1 : C?m Nang H?nh Phúc" /><span class="img4sp">4</span></a>				<div class="w109">					<a href="thay-co-giao-hanh-phuc-se-thay-doi-gioi-tap-1" title="Th?y Cô Giáo H?nh Phúc S? Thay ??i Th? Gi?i - T?p 1 : C?m Nang H?nh Phúc" class="pilist3a">Th?y Cô Giáo H?nh Phúc S? Thay ??i Th? Gi?i - T?p 1 : C?m Nang H?nh Phúc</a>																				<div style="margin-top:10px;width:29px;height:16px;background:url(images/giam-gia-icon.jpg);color:#fff;padding-left:10px;padding-top:2px;"><b>-25%</b></div>										<div class="aprice3">82,000 ?</div>				</div>			</li>						<li class="clearfix">				<a href="em-khong-co-gi-de-mac" title="Em Không Có Gì ?? M?c" class="img4a pos1"><img class="img4" src="uploads/products/76978_14_11_18_em-khong-co-gi-de-mac.png" alt="Em Không Có Gì ?? M?c" /><span class="img4sp">5</span></a>				<div class="w109">					<a href="em-khong-co-gi-de-mac" title="Em Không Có Gì ?? M?c" class="pilist3a">Em Không Có Gì ?? M?c</a>																				<div style="margin-top:10px;width:29px;height:16px;background:url(images/giam-gia-icon.jpg);color:#fff;padding-left:10px;padding-top:2px;"><b>-25%</b></div>										<div class="aprice3">74,000 ?</div>				</div>			</li>		</ul>	</div></div>        <div class="col2">            <div class="n4t clearfix">                <h1><a href="moi-phat-hanh">M?i phát hành</a></h1>            </div>            <div class="dmslider">                                                <ul class="list1 clearfix"><li>		<div style=" position: absolute;width:36px;height:26px;background:url(images/icon-giam-gia.png);color:#fff;float:right;border-radius:3px;margin-left:105px;text-align:center;padding-top:5px">	- 20 %	</div>			<div class="list1img"><a href="muon-kiep-nhan-sinh-many-times-many-lives" title="Muôn Ki?p Nhân Sinh - Many Times, Many Lives"><img class="lazy" data-original="uploads/products/3669_19_06_20_muon-kiep-nhan-sinh-many-times-many-lives.png" alt="Muôn Ki?p Nhân Sinh - Many Times, Many Lives" width="140" height="198" /></a></div>	<div class="list1a1"><a href="muon-kiep-nhan-sinh-many-times-many-lives" title="Muôn Ki?p Nhân Sinh - Many Times, Many Lives">Muôn Ki?p Nhân Sinh - Many Times, Many Lives</a></div>		<div class="price1">134,000 ?</div>	<div class="priceold">168,000 ?</div>		<div class="phathanh">Phát hành: <b>06-2020</b></div>		<br>		<p align="center"><a href="javascript:void(0)" onclick="javascript:return UpdateProduct(17238,1);" class="buy1" style="margin-top:0px;background:#299ae0;width:70px;height:28px;line-height:28px;font-size:12px">??t hàng</a></p>	</li><li>			<div class="list1img"><a href="gintama-tap-52" title="Gintama - T?p 52"><img class="lazy" data-original="uploads/products/25053_19_06_20_gintama-tap-52.jpg" alt="Gintama - T?p 52" width="140" height="198" /></a></div>	<div class="list1a1"><a href="gintama-tap-52" title="Gintama - T?p 52">Gintama - T?p 52</a></div>		<div class="price1">20,000 ?</div>	<div class="priceold">20,000 ?</div>		<div class="phathanh">Phát hành: <b>19-06-2020</b></div>		<br>		<p align="center"><a href="javascript:void(0)" onclick="javascript:return UpdateProduct(17235,1);" class="buy1" style="margin-top:0px;background:#299ae0;width:70px;height:28px;line-height:28px;font-size:12px">??t hàng</a></p>	</li><li>			<div class="list1img"><a href="bleach-tap-27" title="Bleach - T?p 27"><img class="lazy" data-original="uploads/products/81165_19_06_20_bleach-tap-27.jpg" alt="Bleach - T?p 27" width="140" height="198" /></a></div>	<div class="list1a1"><a href="bleach-tap-27" title="Bleach - T?p 27">Bleach - T?p 27</a></div>		<div class="price1">22,000 ?</div>	<div class="priceold">22,000 ?</div>		<div class="phathanh">Phát hành: <b>19-06-2020</b></div>		<br>		<p align="center"><a href="javascript:void(0)" onclick="javascript:return UpdateProduct(17236,1);" class="buy1" style="margin-top:0px;background:#299ae0;width:70px;height:28px;line-height:28px;font-size:12px">??t hàng</a></p>	</li><li>		<div style=" position: absolute;width:36px;height:26px;background:url(images/icon-giam-gia.png);color:#fff;float:right;border-radius:3px;margin-left:105px;text-align:center;padding-top:5px">	- 5 %	</div>			<div class="list1img"><a href="dragon-ball-full-color-phan-mot-tap-1" title="Dragon Ball Full Color - Ph?n 1 - T?p 1"><img class="lazy" data-original="uploads/products/22125_19_06_20_dragon-ball-full-color-phan-mot-tap-1.jpg" alt="Dragon Ball Full Color - Ph?n 1 - T?p 1" width="140" height="198" /></a></div>	<div class="list1a1"><a href="dragon-ball-full-color-phan-mot-tap-1" title="Dragon Ball Full Color - Ph?n 1 - T?p 1">Dragon Ball Full Color - Ph?n 1 - T?p 1</a></div>		<div class="price1">73,000 ?</div>	<div class="priceold">77,000 ?</div>		<div class="phathanh">Phát hành: <b>19-06-2020</b></div>		<br>		<p align="center"><a href="javascript:void(0)" onclick="javascript:return UpdateProduct(17237,1);" class="buy1" style="margin-top:0px;background:#299ae0;width:70px;height:28px;line-height:28px;font-size:12px">??t hàng</a></p>	</li><li>		<div style=" position: absolute;width:36px;height:26px;background:url(images/icon-giam-gia.png);color:#fff;float:right;border-radius:3px;margin-left:105px;text-align:center;padding-top:5px">	- 20 %	</div>			<div class="list1img"><a href="cop-craft-canh-sat-den-tu-hai-the-gioi-tap-1" title="COP CRAFT - C?nh Sát ??n T? Hai Th? Gi?i - T?p 1"><img class="lazy" data-original="uploads/products/32227_16_06_20_cop-craft-canh-sat-den-tu-hai-the-gioi-tap-1.jpg" alt="COP CRAFT - C?nh Sát ??n T? Hai Th? Gi?i - T?p 1" width="140" height="198" /></a></div>	<div class="list1a1"><a href="cop-craft-canh-sat-den-tu-hai-the-gioi-tap-1" title="COP CRAFT - C?nh Sát ??n T? Hai Th? Gi?i - T?p 1">COP CRAFT - C?nh Sát ??n T? Hai Th? Gi?i - T?p 1</a></div>		<div class="price1">94,000 ?</div>	<div class="priceold">118,000 ?</div>		<div class="phathanh">Phát hành: <b>06-2020</b></div>		<br>		<p align="center"><a href="javascript:void(0)" onclick="javascript:return UpdateProduct(17225,1);" class="buy1" style="margin-top:0px;background:#299ae0;width:70px;height:28px;line-height:28px;font-size:12px">??t hàng</a></p>	</li></ul>							<ul class="list1 clearfix"><li>		<div style=" position: absolute;width:36px;height:26px;background:url(images/icon-giam-gia.png);color:#fff;float:right;border-radius:3px;margin-left:105px;text-align:center;padding-top:5px">	- 20 %	</div>			<div class="list1img"><a href="tran-hon-tap-1" title="Tr?n H?n - T?p 1"><img class="lazy" data-original="uploads/products/51172_16_06_20_tran-hon-tap-1.jpg" alt="Tr?n H?n - T?p 1" width="140" height="198" /></a></div>	<div class="list1a1"><a href="tran-hon-tap-1" title="Tr?n H?n - T?p 1">Tr?n H?n - T?p 1</a></div>		<div class="price1">119,000 ?</div>	<div class="priceold">149,000 ?</div>		<div class="phathanh">Phát hành: <b>06-2020</b></div>		<br>		<p align="center"><a href="javascript:void(0)" onclick="javascript:return UpdateProduct(17224,1);" class="buy1" style="margin-top:0px;background:#299ae0;width:70px;height:28px;line-height:28px;font-size:12px">??t hàng</a></p>	</li><li>		<div style=" position: absolute;width:36px;height:26px;background:url(images/icon-giam-gia.png);color:#fff;float:right;border-radius:3px;margin-left:105px;text-align:center;padding-top:5px">	- 20 %	</div>			<div class="list1img"><a href="tiktok-marketing" title="Tiktok Marketing"><img class="lazy" data-original="uploads/products/44530_16_06_20_tiktok-marketing.jpg" alt="Tiktok Marketing" width="140" height="198" /></a></div>	<div class="list1a1"><a href="tiktok-marketing" title="Tiktok Marketing">Tiktok Marketing</a></div>		<div class="price1">111,000 ?</div>	<div class="priceold">139,000 ?</div>		<div class="phathanh">Phát hành: <b>06-2020</b></div>		<br>		<p align="center"><a href="javascript:void(0)" onclick="javascript:return UpdateProduct(17223,1);" class="buy1" style="margin-top:0px;background:#299ae0;width:70px;height:28px;line-height:28px;font-size:12px">??t hàng</a></p>	</li><li>		<div style=" position: absolute;width:36px;height:26px;background:url(images/icon-giam-gia.png);color:#fff;float:right;border-radius:3px;margin-left:105px;text-align:center;padding-top:5px">	- 25 %	</div>			<div class="list1img"><a href="minh-dung-quen-nhau" title="Mình ??ng Quên Nhau"><img class="lazy" data-original="uploads/products/34126_16_06_20_minh-dung-quen-nhau.jpg" alt="Mình ??ng Quên Nhau" width="140" height="198" /></a></div>	<div class="list1a1"><a href="minh-dung-quen-nhau" title="Mình ??ng Quên Nhau">Mình ??ng Quên Nhau</a></div>		<div class="price1">65,000 ?</div>	<div class="priceold">86,000 ?</div>		<div class="phathanh">Phát hành: <b>06-2020</b></div>		<br>		<p align="center"><a href="javascript:void(0)" onclick="javascript:return UpdateProduct(17222,1);" class="buy1" style="margin-top:0px;background:#299ae0;width:70px;height:28px;line-height:28px;font-size:12px">??t hàng</a></p>	</li><li>		<div style=" position: absolute;width:36px;height:26px;background:url(images/icon-giam-gia.png);color:#fff;float:right;border-radius:3px;margin-left:105px;text-align:center;padding-top:5px">	- 20 %	</div>			<div class="list1img"><a href="tai-xuat-giang-ho" title="Tái Xu?t Giang H?"><img class="lazy" data-original="uploads/products/46836_16_06_20_tai-xuat-giang-ho.jpg" alt="Tái Xu?t Giang H?" width="140" height="198" /></a></div>	<div class="list1a1"><a href="tai-xuat-giang-ho" title="Tái Xu?t Giang H?">Tái Xu?t Giang H?</a></div>		<div class="price1">79,000 ?</div>	<div class="priceold">99,000 ?</div>		<div class="phathanh">Phát hành: <b>06-2020</b></div>		<br>		<p align="center"><a href="javascript:void(0)" onclick="javascript:return UpdateProduct(17220,1);" class="buy1" style="margin-top:0px;background:#299ae0;width:70px;height:28px;line-height:28px;font-size:12px">??t hàng</a></p>	</li><li>		<div style=" position: absolute;width:36px;height:26px;background:url(images/icon-giam-gia.png);color:#fff;float:right;border-radius:3px;margin-left:105px;text-align:center;padding-top:5px">	- 30 %	</div>			<div class="list1img"><a href="nhat-ky-thang-chuc-cua-tho-than" title="Nh?t Ký Th?ng Ch?c C?a Th? Th?n"><img class="lazy" data-original="uploads/products/41636_16_06_20_nhat-ky-thang-chuc-cua-tho-than.jpg" alt="Nh?t Ký Th?ng Ch?c C?a Th? Th?n" width="140" height="198" /></a></div>	<div class="list1a1"><a href="nhat-ky-thang-chuc-cua-tho-than" title="Nh?t Ký Th?ng Ch?c C?a Th? Th?n">Nh?t Ký Th?ng Ch?c C?a Th? Th?n</a></div>		<div class="price1">102,000 ?</div>	<div class="priceold">145,000 ?</div>		<div class="phathanh">Phát hành: <b>06-2020</b></div>		<br>		<p align="center"><a href="javascript:void(0)" onclick="javascript:return UpdateProduct(17219,1);" class="buy1" style="margin-top:0px;background:#299ae0;width:70px;height:28px;line-height:28px;font-size:12px">??t hàng</a></p>	</li></ul>							<ul class="list1 clearfix"><li>		<div style=" position: absolute;width:36px;height:26px;background:url(images/icon-giam-gia.png);color:#fff;float:right;border-radius:3px;margin-left:105px;text-align:center;padding-top:5px">	- 18 %	</div>			<div class="list1img"><a href="1000-dieu-nho-be-nghich-canh-la-mot-mon-qua" title="1000 ?i?u Nh? Bé - Ngh?ch C?nh Là M?t Món Quà"><img class="lazy" data-original="uploads/products/56715_16_06_20_1000-dieu-nho-be-nghich-canh-la-mot-mon-qua.jpg" alt="1000 ?i?u Nh? Bé - Ngh?ch C?nh Là M?t Món Quà" width="140" height="198" /></a></div>	<div class="list1a1"><a href="1000-dieu-nho-be-nghich-canh-la-mot-mon-qua" title="1000 ?i?u Nh? Bé - Ngh?ch C?nh Là M?t Món Quà">1000 ?i?u Nh? Bé - Ngh?ch C?nh Là M?t Món Quà</a></div>		<div class="price1">106,000 ?</div>	<div class="priceold">129,000 ?</div>		<div class="phathanh">Phát hành: <b>06-2020</b></div>		<br>		<p align="center"><a href="javascript:void(0)" onclick="javascript:return UpdateProduct(17218,1);" class="buy1" style="margin-top:0px;background:#299ae0;width:70px;height:28px;line-height:28px;font-size:12px">??t hàng</a></p>	</li><li>		<div style=" position: absolute;width:36px;height:26px;background:url(images/icon-giam-gia.png);color:#fff;float:right;border-radius:3px;margin-left:105px;text-align:center;padding-top:5px">	- 20 %	</div>			<div class="list1img"><a href="mot-lan-toi-nhan-gian-phai-song-doi-ruc-ro" title="M?t L?n T?i Nhân Gian, Ph?i S?ng ??i R?c R?"><img class="lazy" data-original="uploads/products/16739_15_06_20_mot-lan-toi-nhan-gian-phai-song-doi-ruc-ro.jpg" alt="M?t L?n T?i Nhân Gian, Ph?i S?ng ??i R?c R?" width="140" height="198" /></a></div>	<div class="list1a1"><a href="mot-lan-toi-nhan-gian-phai-song-doi-ruc-ro" title="M?t L?n T?i Nhân Gian, Ph?i S?ng ??i R?c R?">M?t L?n T?i Nhân Gian, Ph?i S?ng ??i R?c R?</a></div>		<div class="price1">95,000 ?</div>	<div class="priceold">119,000 ?</div>		<div class="phathanh">Phát hành: <b>06-2020</b></div>		<br>		<p align="center"><a href="javascript:void(0)" onclick="javascript:return UpdateProduct(17216,1);" class="buy1" style="margin-top:0px;background:#299ae0;width:70px;height:28px;line-height:28px;font-size:12px">??t hàng</a></p>	</li><li>		<div style=" position: absolute;width:36px;height:26px;background:url(images/icon-giam-gia.png);color:#fff;float:right;border-radius:3px;margin-left:105px;text-align:center;padding-top:5px">	- 25 %	</div>			<div class="list1img"><a href="bang-ice-chilling-stories-from-a-disappearing-world-nhung-cau-chuyen-ly-ky-tu-mot-the-gioi-dang-dan-bien-mat" title="B?ng - Ice - Chilling Stories From A Disappearing World - Nh?ng Câu Chuy?n Ly K? T? M?t Th? Gi?i ?ang D?n Bi?n M?t"><img class="lazy" data-original="uploads/products/7999_15_06_20_bang-ice-chilling-stories-from-a-disappearing-world-nhung-cau-chuyen-ly-ky-tu-mot-the-gioi-dang-dan-bien-mat.jpg" alt="B?ng - Ice - Chilling Stories From A Disappearing World - Nh?ng Câu Chuy?n Ly K? T? M?t Th? Gi?i ?ang D?n Bi?n M?t" width="140" height="198" /></a></div>	<div class="list1a1"><a href="bang-ice-chilling-stories-from-a-disappearing-world-nhung-cau-chuyen-ly-ky-tu-mot-the-gioi-dang-dan-bien-mat" title="B?ng - Ice - Chilling Stories From A Disappearing World - Nh?ng Câu Chuy?n Ly K? T? M?t Th? Gi?i ?ang D?n Bi?n M?t">B?ng - Ice - Chilling Stories From A Disappearing World - Nh?ng Câu Chuy?n Ly K? T? M?t Th? Gi?i ?ang D?n Bi?n M?t</a></div>		<div class="price1">126,000 ?</div>	<div class="priceold">168,000 ?</div>		<div class="phathanh">Phát hành: <b>06-2020</b></div>		<br>		<p align="center"><a href="javascript:void(0)" onclick="javascript:return UpdateProduct(17215,1);" class="buy1" style="margin-top:0px;background:#299ae0;width:70px;height:28px;line-height:28px;font-size:12px">??t hàng</a></p>	</li><li>		<div style=" position: absolute;width:36px;height:26px;background:url(images/icon-giam-gia.png);color:#fff;float:right;border-radius:3px;margin-left:105px;text-align:center;padding-top:5px">	- 25 %	</div>			<div class="list1img"><a href="what-a-waste-kiem-soat-rac-thai-bao-ve-moi-truong" title="What A Waste - Ki?m Soát Rác Th?i, B?o V? Môi Tr??ng"><img class="lazy" data-original="uploads/products/18180_15_06_20_what-a-waste-kiem-soat-rac-thai-bao-ve-moi-truong.jpg" alt="What A Waste - Ki?m Soát Rác Th?i, B?o V? Môi Tr??ng" width="140" height="198" /></a></div>	<div class="list1a1"><a href="what-a-waste-kiem-soat-rac-thai-bao-ve-moi-truong" title="What A Waste - Ki?m Soát Rác Th?i, B?o V? Môi Tr??ng">What A Waste - Ki?m Soát Rác Th?i, B?o V? Môi Tr??ng</a></div>		<div class="price1">97,000 ?</div>	<div class="priceold">129,000 ?</div>		<div class="phathanh">Phát hành: <b>06-2020</b></div>		<br>		<p align="center"><a href="javascript:void(0)" onclick="javascript:return UpdateProduct(17214,1);" class="buy1" style="margin-top:0px;background:#299ae0;width:70px;height:28px;line-height:28px;font-size:12px">??t hàng</a></p>	</li><li>		<div style=" position: absolute;width:36px;height:26px;background:url(images/icon-giam-gia.png);color:#fff;float:right;border-radius:3px;margin-left:105px;text-align:center;padding-top:5px">	- 25 %	</div>			<div class="list1img"><a href="hu-nu-gaga" title="H? N? Gaga"><img class="lazy" data-original="uploads/products/74338_15_06_20_hu-nu-gaga.jpg" alt="H? N? Gaga" width="140" height="198" /></a></div>	<div class="list1a1"><a href="hu-nu-gaga" title="H? N? Gaga">H? N? Gaga</a></div>		<div class="price1">113,000 ?</div>	<div class="priceold">150,000 ?</div>		<div class="phathanh">Phát hành: <b>06-2020</b></div>		<br>		<p align="center"><a href="javascript:void(0)" onclick="javascript:return UpdateProduct(17213,1);" class="buy1" style="margin-top:0px;background:#299ae0;width:70px;height:28px;line-height:28px;font-size:12px">??t hàng</a></p>	</li></ul>							<ul class="list1 clearfix"><li>		<div style=" position: absolute;width:36px;height:26px;background:url(images/icon-giam-gia.png);color:#fff;float:right;border-radius:3px;margin-left:105px;text-align:center;padding-top:5px">	- 25 %	</div>			<div class="list1img"><a href="arsene-lupin-sieu-trom-hao-hoa-cay-kim-rong" title="Arsène Lupin - Siêu Tr?m Hào Hoa - Cây Kim R?ng"><img class="lazy" data-original="uploads/products/16456_15_06_20_arsene-lupin-sieu-trom-hao-hoa-cay-kim-rong.jpg" alt="Arsène Lupin - Siêu Tr?m Hào Hoa - Cây Kim R?ng" width="140" height="198" /></a></div>	<div class="list1a1"><a href="arsene-lupin-sieu-trom-hao-hoa-cay-kim-rong" title="Arsène Lupin - Siêu Tr?m Hào Hoa - Cây Kim R?ng">Arsène Lupin - Siêu Tr?m Hào Hoa - Cây Kim R?ng</a></div>		<div class="price1">71,000 ?</div>	<div class="priceold">95,000 ?</div>		<div class="phathanh">Phát hành: <b>06-2020</b></div>		<br>		<p align="center"><a href="javascript:void(0)" onclick="javascript:return UpdateProduct(17212,1);" class="buy1" style="margin-top:0px;background:#299ae0;width:70px;height:28px;line-height:28px;font-size:12px">??t hàng</a></p>	</li><li>		<div style=" position: absolute;width:36px;height:26px;background:url(images/icon-giam-gia.png);color:#fff;float:right;border-radius:3px;margin-left:105px;text-align:center;padding-top:5px">	- 25 %	</div>			<div class="list1img"><a href="arsene-lupin-sieu-trom-hao-hoa-vu-choi-kham-ngai-trieu-phu" title="Arsène Lupin - Siêu Tr?m Hào Hoa - V? Ch?i Kh?m Ngài Tri?u Phú"><img class="lazy" data-original="uploads/products/89990_15_06_20_arsene-lupin-sieu-trom-hao-hoa-vu-choi-kham-ngai-trieu-phu.jpg" alt="Arsène Lupin - Siêu Tr?m Hào Hoa - V? Ch?i Kh?m Ngài Tri?u Phú" width="140" height="198" /></a></div>	<div class="list1a1"><a href="arsene-lupin-sieu-trom-hao-hoa-vu-choi-kham-ngai-trieu-phu" title="Arsène Lupin - Siêu Tr?m Hào Hoa - V? Ch?i Kh?m Ngài Tri?u Phú">Arsène Lupin - Siêu Tr?m Hào Hoa - V? Ch?i Kh?m Ngài Tri?u Phú</a></div>		<div class="price1">74,000 ?</div>	<div class="priceold">99,000 ?</div>		<div class="phathanh">Phát hành: <b>06-2020</b></div>		<br>		<p align="center"><a href="javascript:void(0)" onclick="javascript:return UpdateProduct(17211,1);" class="buy1" style="margin-top:0px;background:#299ae0;width:70px;height:28px;line-height:28px;font-size:12px">??t hàng</a></p>	</li><li>		<div style=" position: absolute;width:36px;height:26px;background:url(images/icon-giam-gia.png);color:#fff;float:right;border-radius:3px;margin-left:105px;text-align:center;padding-top:5px">	- 25 %	</div>			<div class="list1img"><a href="arsene-lupin-sieu-trom-hao-hoa-nhung-cuoc-phieu-luu-ky-la" title="Arsène Lupin - Siêu Tr?m Hào Hoa - Nh?ng Cu?c Phiêu L?u K? L?"><img class="lazy" data-original="uploads/products/37253_15_06_20_arsene-lupin-sieu-trom-hao-hoa-nhung-cuoc-phieu-luu-ky-la.jpg" alt="Arsène Lupin - Siêu Tr?m Hào Hoa - Nh?ng Cu?c Phiêu L?u K? L?" width="140" height="198" /></a></div>	<div class="list1a1"><a href="arsene-lupin-sieu-trom-hao-hoa-nhung-cuoc-phieu-luu-ky-la" title="Arsène Lupin - Siêu Tr?m Hào Hoa - Nh?ng Cu?c Phiêu L?u K? L?">Arsène Lupin - Siêu Tr?m Hào Hoa - Nh?ng Cu?c Phiêu L?u K? L?</a></div>		<div class="price1">67,000 ?</div>	<div class="priceold">89,000 ?</div>		<div class="phathanh">Phát hành: <b>06-2020</b></div>		<br>		<p align="center"><a href="javascript:void(0)" onclick="javascript:return UpdateProduct(17209,1);" class="buy1" style="margin-top:0px;background:#299ae0;width:70px;height:28px;line-height:28px;font-size:12px">??t hàng</a></p>	</li><li>		<div style=" position: absolute;width:36px;height:26px;background:url(images/icon-giam-gia.png);color:#fff;float:right;border-radius:3px;margin-left:105px;text-align:center;padding-top:5px">	- 25 %	</div>			<div class="list1img"><a href="boxset-arsene-lupin-sieu-trom-hao-hoa-tron-bo-5-cuon" title="Boxset Arsène Lupin - Siêu Tr?m Hào Hoa (Tr?n B? 5 Cu?n)"><img class="lazy" data-original="uploads/products/60182_15_06_20_boxset-arsene-lupin-sieu-trom-hao-hoa-tron-bo-5-cuon.jpg" alt="Boxset Arsène Lupin - Siêu Tr?m Hào Hoa (Tr?n B? 5 Cu?n)" width="140" height="198" /></a></div>	<div class="list1a1"><a href="boxset-arsene-lupin-sieu-trom-hao-hoa-tron-bo-5-cuon" title="Boxset Arsène Lupin - Siêu Tr?m Hào Hoa (Tr?n B? 5 Cu?n)">Boxset Arsène Lupin - Siêu Tr?m Hào Hoa (Tr?n B? 5 Cu?n)</a></div>		<div class="price1">350,000 ?</div>	<div class="priceold">467,000 ?</div>		<div class="phathanh">Phát hành: <b>06-2020</b></div>		<br>		<p align="center"><a href="javascript:void(0)" onclick="javascript:return UpdateProduct(17208,1);" class="buy1" style="margin-top:0px;background:#299ae0;width:70px;height:28px;line-height:28px;font-size:12px">??t hàng</a></p>	</li><li>		<div style=" position: absolute;width:36px;height:26px;background:url(images/icon-giam-gia.png);color:#fff;float:right;border-radius:3px;margin-left:105px;text-align:center;padding-top:5px">	- 25 %	</div>			<div class="list1img"><a href="ve-nha-voi-me" title="V? Nhà V?i M?"><img class="lazy" data-original="uploads/products/42053_16_06_20_ve-nha-voi-me.jpg" alt="V? Nhà V?i M?" width="140" height="198" /></a></div>	<div class="list1a1"><a href="ve-nha-voi-me" title="V? Nhà V?i M?">V? Nhà V?i M?</a></div>		<div class="price1">67,000 ?</div>	<div class="priceold">89,000 ?</div>		<div class="phathanh">Phát hành: <b>16-06-2020</b></div>		<br>		<p align="center"><a href="javascript:void(0)" onclick="javascript:return UpdateProduct(17221,1);" class="buy1" style="margin-top:0px;background:#299ae0;width:70px;height:28px;line-height:28px;font-size:12px">??t hàng</a></p>	</li></ul>							<ul class="list1 clearfix"><li>			<div class="list1img"><a href="nguyen-uoc-yeu-thuong-tap-28" title="Nguy?n ??c Yêu Th??ng - T?p 28"><img class="lazy" data-original="uploads/products/40457_15_06_20_nguyen-uoc-yeu-thuong-tap-28.jpg" alt="Nguy?n ??c Yêu Th??ng - T?p 28" width="140" height="198" /></a></div>	<div class="list1a1"><a href="nguyen-uoc-yeu-thuong-tap-28" title="Nguy?n ??c Yêu Th??ng - T?p 28">Nguy?n ??c Yêu Th??ng - T?p 28</a></div>		<div class="price1">18,000 ?</div>	<div class="priceold">18,000 ?</div>		<div class="phathanh">Phát hành: <b>15-06-2020</b></div>		<br>		<p align="center"><a href="javascript:void(0)" onclick="javascript:return UpdateProduct(17200,1);" class="buy1" style="margin-top:0px;background:#299ae0;width:70px;height:28px;line-height:28px;font-size:12px">??t hàng</a></p>	</li><li>			<div class="list1img"><a href="bua-com-hanh-phuc-tap-10" title="B?a C?m H?nh Phúc - T?p 10"><img class="lazy" data-original="uploads/products/51760_15_06_20_bua-com-hanh-phuc-tap-10.jpg" alt="B?a C?m H?nh Phúc - T?p 10" width="140" height="198" /></a></div>	<div class="list1a1"><a href="bua-com-hanh-phuc-tap-10" title="B?a C?m H?nh Phúc - T?p 10">B?a C?m H?nh Phúc - T?p 10</a></div>		<div class="price1">25,000 ?</div>	<div class="priceold">25,000 ?</div>		<div class="phathanh">Phát hành: <b>15-06-2020</b></div>		<br>		<p align="center"><a href="javascript:void(0)" onclick="javascript:return UpdateProduct(17201,1);" class="buy1" style="margin-top:0px;background:#299ae0;width:70px;height:28px;line-height:28px;font-size:12px">??t hàng</a></p>	</li><li>			<div class="list1img"><a href="lang-khach-kenshin-tap-17" title="Lãng Khách Kenshin - T?p 17"><img class="lazy" data-original="uploads/products/94728_15_06_20_lang-khach-kenshin-tap-17.jpg" alt="Lãng Khách Kenshin - T?p 17" width="140" height="198" /></a></div>	<div class="list1a1"><a href="lang-khach-kenshin-tap-17" title="Lãng Khách Kenshin - T?p 17">Lãng Khách Kenshin - T?p 17</a></div>		<div class="price1">25,000 ?</div>	<div class="priceold">25,000 ?</div>		<div class="phathanh">Phát hành: <b>15-06-2020</b></div>		<br>		<p align="center"><a href="javascript:void(0)" onclick="javascript:return UpdateProduct(17202,1);" class="buy1" style="margin-top:0px;background:#299ae0;width:70px;height:28px;line-height:28px;font-size:12px">??t hàng</a></p>	</li><li>			<div class="list1img"><a href="boys-over-flowers-con-nha-giau-tap-22" title="Boys Over Flowers - Con Nhà Giàu - T?p 22"><img class="lazy" data-original="uploads/products/65159_15_06_20_boys-over-flowers-con-nha-giau-tap-22.jpg" alt="Boys Over Flowers - Con Nhà Giàu - T?p 22" width="140" height="198" /></a></div>	<div class="list1a1"><a href="boys-over-flowers-con-nha-giau-tap-22" title="Boys Over Flowers - Con Nhà Giàu - T?p 22">Boys Over Flowers - Con Nhà Giàu - T?p 22</a></div>		<div class="price1">20,000 ?</div>	<div class="priceold">20,000 ?</div>		<div class="phathanh">Phát hành: <b>15-06-2020</b></div>		<br>		<p align="center"><a href="javascript:void(0)" onclick="javascript:return UpdateProduct(17203,1);" class="buy1" style="margin-top:0px;background:#299ae0;width:70px;height:28px;line-height:28px;font-size:12px">??t hàng</a></p>	</li><li>			<div class="list1img"><a href="naruto-tap-34" title="Naruto - T?p 34"><img class="lazy" data-original="uploads/products/8219_15_06_20_naruto-tap-34.jpg" alt="Naruto - T?p 34" width="140" height="198" /></a></div>	<div class="list1a1"><a href="naruto-tap-34" title="Naruto - T?p 34">Naruto - T?p 34</a></div>		<div class="price1">22,000 ?</div>	<div class="priceold">22,000 ?</div>		<div class="phathanh">Phát hành: <b>15-06-2020</b></div>		<br>		<p align="center"><a href="javascript:void(0)" onclick="javascript:return UpdateProduct(17204,1);" class="buy1" style="margin-top:0px;background:#299ae0;width:70px;height:28px;line-height:28px;font-size:12px">??t hàng</a></p>	</li></ul>							<ul class="list1 clearfix">                                    </ul>            </div>			                        <div>                ?<div style="width:27px;height:20px;text-align:center;background:url(images/trangactive.jpg);float:left;padding-top:7px;color:#fea203;margin-right:10px"><b>1</b></div> <a href="moi-phat-hanh?page=2&a=s" style="width:27px;height:20px;text-align:center;float:left;padding-top:7px;color:#000;margin-right:10px;display:block"><b>2</b></a> <a href="moi-phat-hanh?page=3&a=s" style="width:27px;height:20px;text-align:center;float:left;padding-top:7px;color:#000;margin-right:10px;display:block"><b>3</b></a> <a href="moi-phat-hanh?page=4&a=s" style="width:27px;height:20px;text-align:center;float:left;padding-top:7px;color:#000;margin-right:10px;display:block"><b>4</b></a> <a href="moi-phat-hanh?page=2&a=s" title="Next" style="width:27px;height:20px;text-align:center;float:left;padding-top:7px;color:#000;margin-right:10px;display:block"><b> Sau </b></a>                   </div>            						<div class="n3t clearfix">	<!--<h2><a></a></h2>--></div><div class="dmabout js-description_readmore"></div>                    </div>            </div>    </div><div class="bg-transform"></div><div class="toggle-menu-mobile">	<a href="">		<span></span>		<span></span>		<span></span>	</a></div><div class="footer1">    <div class="wrap1 f1b1 clearfix">        <div class="f1b"><div class="f1bt">PIBOOK</div><div class="f1p">	<p>?/C: Thanh Xuân, Hà N?i</p>	<p>GPKD: 0105990058</p></div><div class="fhot2">	<div class="fhot2a">		<p>HOTLINE 1</p>		<b>024 6329 6389</b>	</div>	<div class="fhot2a">		<p>EMAIL</p>		<b>hotro@pibook.vn</b>	</div></div><div class="subscriEmail">	<p>??ng ký nh?n newsletter</p>	<form action="adv_action.php" method="POST" onsubmit="return onSubmit1(this);">		<input name="email" value="" class="subscriEmailIn" />   		<input type="submit" name="submitemail" value="??ng ký" class="subscriEmailSub" />	</form></div></div><div class="f1c">	<div class="f1bt">H? tr? khách hàng</div>	<ul class="f1p">		<li><a href="cau-hoi-thuong-gap-c109.html" title="Câu h?i th??ng g?p" rel="nofollow">Câu h?i th??ng g?p</a></li>				<li><a href="huong-dan-dat-hang-c110.html" title="H??ng d?n ??t hàng" rel="nofollow">H??ng d?n ??t hàng</a></li>				<li><a href="huong-dan-thanh-toan-c111.html" title="H??ng d?n thanh toán" rel="nofollow">H??ng d?n thanh toán</a></li>				<li><a href="phuong-thuc-van-chuyen-c112.html" title="Ph??ng th?c v?n chuy?n" rel="nofollow">Ph??ng th?c v?n chuy?n</a></li>	</ul></div><div class="f1c">	<div class="f1bt">Chính sách</div>	<ul class="f1p">		<li><a href="chinh-sach-doi-tra-hang-c113.html" title="Chính sách ??i tr? hàng" rel="nofollow">Chính sách ??i tr? hàng</a></li>				<li><a href="chinh-sach-bao-hanh-c114.html" title="Chính sách b?o hành" rel="nofollow">Chính sách b?o hành</a></li>				<li><a href="chinh-sach-boi-hoan-c115.html" title="Chính sách b?i hoàn" rel="nofollow">Chính sách b?i hoàn</a></li>				<li><a href="chinh-sach-bao-mat-c116.html" title="Chính sách b?o m?t" rel="nofollow">Chính sách b?o m?t</a></li>				<li><a href="dieu-khoan-su-dung-c117.html" title="?i?u kho?n s? d?ng" rel="nofollow">?i?u kho?n s? d?ng</a></li>	</ul></div><div class="f1c">	<div class="f1bt">Tài kho?n c?a b?n</div>	<ul class="f1p">		<li><a href="" title="Thông tin cá nhân" rel="nofollow">Thông tin cá nhân</a></li>				<li><a href="" title="L?ch s? giao d?ch" rel="nofollow">L?ch s? giao d?ch</a></li>				<li><a href="" title="Sách yêu thích" rel="nofollow">Sách yêu thích</a></li>				<li><a href="" title="Sách ?ã mua" rel="nofollow">Sách ?ã mua</a></li>	</ul></div>       	<div class="fa">		<p><div id="fb-root"></div><script>(function(d, s, id) {  var js, fjs = d.getElementsByTagName(s)[0];  if (d.getElementById(id)) return;  js = d.createElement(s); js.id = id;  js.src = "//connect.facebook.net/en_US/all.js#xfbml=1";  fjs.parentNode.insertBefore(js, fjs);}(document, 'script', 'facebook-jssdk'));</script><div class="fb-like-box" style="background:#fff;" rel="nofollow" data-href="https://www.facebook.com/pibook.vn" data-width="236" data-height="241" data-show-faces="true" data-stream="false" data-header="false"></div></p><a rel="nofollow" href="http://online.gov.vn/HomePage/CustomWebsiteDisplay.aspx?DocId=20292 "><img src="images/dat-thong-bao.png" width="236"></a>        </div>		        </div>    <div class="copyr wrap1">        <!--<div class="copyr2"><img src="images/dk.jpg" /></div>-->        <div class="copyr3"><img src="images/visa.jpg" /></div>                <p>© 2015 - B?n quy?n c?a Công Ty TNHH PIBOOK</p>        <p>Gi?y ch?ng nh?n ??ng ký Kinh doanh s? 0105990058 do S? K? Ho?ch và ??u T? Thành ph? Hà N?i c?p ngày 14/09/2012</p>		<p>		Thi?t k? website b?i <a rel="nofollow" href="javascript:;" target="_blank" ><b><font color="red">Wecan-group.com</font></b></a>		</p>    </div></div><div style="$_BOXCSS">	<div id="floating_banner_left" style="text-align:right; position:fixed; overflow:hidden; top: 10px; left: 0px; width: 133px; border: 0px solid #000;padding-top:128px;display:none">			</div></div><!--  <div style="$_BOXCSS"> 	<div id="floating_banner_right" style="text-align:right; position:fixed; overflow:hidden; top: 10px; right: 0px; width: 133px; border: 0px solid #000;padding-top:128px;display:none;"> 		<p> 			<a href="https://www.facebook.com/pibook.vn" target="_blank"> <img src="images/facedoc.jpg"></a> 		</p> 		<p style="margin-top:10px"> 			<img src="images/tiwterdoc.jpg"> 		</p> 		<p style="margin-top:10px"> 			<img src="images/bookdoc.jpg"> 		</p> 		<p style="margin-top:10px"> 			<img src="images/taikhoandoc.jpg"> 		</p> 	</div> </div> --><script type="text/javaScript">function onSubmit1(fm){    _emails = fetchEmail1(fm.email.value);    if (_emails.length == 0){        alert("Vui lòng cung c?p 1 email có th?c. ");        fm.email.focus();        return false;        }        if (_emails.length > 1){        alert("Vui lòng cung c?p 1 email có th?c");        fm.email.focus();        return false;    }    fm.email.value = _emails.join(",");    return true;}$SAVE_EMAILS=[];function fetchEmail1(txt){    emails = txt.split(/[ \r\n\t,;]+/);    results=[];    for (i=0;i<emails.length;i++){        if ( /[a-zA-Z0-9_&]+([a-zA-Z0-9\-\.&~$]+)*@([a-zA-Z0-9\-_]+\.)+[a-zA-Z]+/i.test(emails[i]) )        {            found_dup=false;            for(j=0;j<results.length;j++)             if (results[j].toLowerCase() == emails[i].toLowerCase() )             {                found_dup =true;                break;            }                        for(k=0;k<$SAVE_EMAILS.length;k++)             if ($SAVE_EMAILS[k].toLowerCase() == emails[i].toLowerCase() )             {                found_dup =true;                break;            }                        if (!found_dup) results[results.length]=emails[i];        }    }        return results;}</script><script type='text/javascript'>var slideTime = 700;var floatAtBottom = false;function pepsi_floating_init() {	xMoveTo('floating_banner_right', 887 - (1024 - screen.width), 0);	winOnResize(); // set initial position	xAddEventListener(window, 'resize', winOnResize, false);	xAddEventListener(window, 'scroll', winOnScroll, false);}function winOnResize() {	checkScreenWidth();	winOnScroll(); // initial slide}function winOnScroll() {	var y = xScrollTop();	if (floatAtBottom) {		y += xClientHeight() - xHeight('floating_banner_left');	}	xSlideTo('floating_banner_left', (document.body.clientWidth - (800 - 775) - 990) / 2 - 155, y, slideTime);	xSlideTo('floating_banner_right', (document.body.clientWidth - (800 - 830) + 990) / 2, y, slideTime);}function checkScreenWidth() {	if (document.body.clientWidth < 1200) {		document.getElementById('floating_banner_left').style.display = 'none';		document.getElementById('floating_banner_right').style.display = 'none';	}	 if (document.body.clientWidth > 1331) {		document.getElementById('floating_banner_left').style.display = 'block';		document.getElementById('floating_banner_right').style.display = 'block';	}}$(window).resize(function () {	checkScreenWidth();});checkScreenWidth();</script><script src="js/lazyload/jquery.lazyload.min.js?v=1.9.7"></script><script type="text/javascript">$(function() { $("img.lazy").lazyload({	 effect : "fadeIn" });});</script><!-- Facebook Pixel Code --><script>!function(f,b,e,v,n,t,s){if(f.fbq)return;n=f.fbq=function(){n.callMethod?n.callMethod.apply(n,arguments):n.queue.push(arguments)};if(!f._fbq)f._fbq=n;n.push=n;n.loaded=!0;n.version='2.0';n.queue=[];t=b.createElement(e);t.async=!0;t.src=v;s=b.getElementsByTagName(e)[0];s.parentNode.insertBefore(t,s)}(window,document,'script','//connect.facebook.net/en_US/fbevents.js');fbq('init', '137726033228273');fbq('track', "PageView");</script><noscript><img height="1" width="1" style="display:none"src="https://www.facebook.com/tr?id=137726033228273&ev=PageView&noscript=1"/></noscript><!-- End Facebook Pixel Code --><script type="text/javascript">	jQuery(function() {		$('.toggle-menu-mobile').click(function() {			$(this).hide();			$('.bg-transform').show(400);			$('.menutop2ul').addClass('active-menu');			$('.hea1c1.menutop20.pos1').animate({				left: '0'			});			return false;		});		$('.bg-transform').click(function() {			$(this).hide();			$('.toggle-menu-mobile').show(400);			$('.hea1c1.menutop20.pos1').animate({				left: '-200px'			});			return false;		});	});</script><script type="text/javascript" src="jquery/cart.js"></script><script>  (function(i,s,o,g,r,a,m){i['GoogleAnalyticsObject']=r;i[r]=i[r]||function(){  (i[r].q=i[r].q||[]).push(arguments)},i[r].l=1*new Date();a=s.createElement(o),  m=s.getElementsByTagName(o)[0];a.async=1;a.src=g;m.parentNode.insertBefore(a,m)  })(window,document,'script','//www.google-analytics.com/analytics.js','ga');ga('create', 'UA-74759571-1', 'auto');ga('require', 'linkid', 'linkid.js');ga('require', 'displayfeatures');ga('send', 'pageview');</script><script type="text/javascript">	$(window).scroll(function(){		if($(window).scrollTop() > 170 ){			$('.hea12').addClass('mcsactive');		}else{			$('.hea12').removeClass('mcsactive');		};	});	jQuery(function() {		$('#pb-shipping .ip-radio input[type=radio]').change(function() {			$('#pb-shipping .ip-radio span').removeClass('active');			$(this).prev().addClass('active');				});		$('#pb-payment .ip-radio input[type=radio]').change(function() {			$('#pb-payment .ip-radio span').removeClass('active');			$(this).prev().addClass('active');				});	});</script></body></html>
]]></system-out>
  <system-err><![CDATA[]]></system-err>
</testsuite>
